<?xml version="1.0" encoding="UTF-8"?>
<!-- Generated by org.testng.reporters.JUnitReportReporter -->
<testsuite hostname="DESKTOP-1U92PBD" failures="0" tests="2" name="Testng_concepts.TestClass6" time="0.019" errors="0" timestamp="2023-01-22T16:10:10 CST" skipped="0">
  <testcase classname="Testng_concepts.TestClass6" name="testcase1" time="0.017"/>
  <system-out/>
  <testcase classname="Testng_concepts.TestClass6" name="testcase2" time="0.002"/>
  <system-out/>
</testsuite> <!-- Testng_concepts.TestClass6 -->
