<?xml version="1.0" encoding="UTF-8"?>
<!-- Generated by org.testng.reporters.JUnitReportReporter -->
<testsuite hostname="DESKTOP-1U92PBD" failures="0" tests="3" name="Testng_concepts.TestClass10" time="0.007" errors="0" timestamp="2023-01-22T16:04:31 CST" skipped="0">
  <testcase classname="Testng_concepts.TestClass10" name="testcase3" time="0.003"/>
  <system-out/>
  <testcase classname="Testng_concepts.TestClass10" name="testcase1" time="0.003"/>
  <system-out/>
  <testcase classname="Testng_concepts.TestClass10" name="testcase2" time="0.001"/>
  <system-out/>
</testsuite> <!-- Testng_concepts.TestClass10 -->
